<?xml version="1.0" encoding="UTF-8"?>
<!-- Generated by org.testng.reporters.JUnitXMLReporter -->
<testsuite hostname="XKL-0526" ignored="0" name="Test" tests="2" failures="1" timestamp="19 Mar 2020 03:25:34 GMT" time="168.846" errors="0">
  <testcase name="feature" time="69.392" classname="com.cimbbank.runner.TestRunner">
    <failure type="cucumber.runtime.CucumberException" message="java.lang.AssertionError: expected [20% OFF Best Available Room Rates] but found [Up to 50% OFF room rate]">
      <![CDATA[cucumber.runtime.CucumberException: java.lang.AssertionError: expected [20% OFF Best Available Room Rates] but found [Up to 50% OFF room rate]
at cucumber.api.testng.TestNGCucumberRunner.runCucumber(TestNGCucumberRunner.java:69)
at com.cimbbank.runner.TestRunner.feature(TestRunner.java:42)
Caused by: java.lang.AssertionError: expected [20% OFF Best Available Room Rates] but found [Up to 50% OFF room rate]
at com.cimbbank.stepdefinitions.DealsPageDef.I_will_be_able_to_see_its_details(DealsPageDef.java:64)
at ✽.Then I will be able to see its details and other similar deals(deals.feature:7)
... Removed 31 stack frames]]>
    </failure>
  </testcase> <!-- feature -->
  <testcase name="feature" time="97.857" classname="com.cimbbank.runner.TestRunner"/>
</testsuite> <!-- Test -->
