<?xml version="1.0" encoding="UTF-8"?>
<!-- Generated by org.testng.reporters.JUnitXMLReporter -->
<testsuite hostname="XKL-0526" ignored="0" name="CIMBBankTest" tests="2" failures="2" timestamp="16 Mar 2020 09:16:27 GMT" time="1.635" errors="0">
  <testcase name="feature" time="0.808" classname="com.cimbbank.runner.TestRunner">
    <failure type="cucumber.runtime.CucumberException" message="java.lang.NullPointerException">
      <![CDATA[cucumber.runtime.CucumberException: java.lang.NullPointerException
at cucumber.api.testng.TestNGCucumberRunner.runCucumber(TestNGCucumberRunner.java:69)
at com.cimbbank.runner.TestRunner.feature(TestRunner.java:42)
Caused by: java.lang.NullPointerException
at com.cimbbank.stepdefinitions.DealsPageDef.I_am_on_CIMB_page(DealsPageDef.java:29)
at ✽.Given I am on CIMB page(deals.feature:4)
... Removed 25 stack frames]]>
    </failure>
  </testcase> <!-- feature -->
  <testcase name="feature" time="0.05" classname="com.cimbbank.runner.TestRunner">
    <failure type="cucumber.runtime.CucumberException" message="java.lang.NullPointerException">
      <![CDATA[cucumber.runtime.CucumberException: java.lang.NullPointerException
at cucumber.api.testng.TestNGCucumberRunner.runCucumber(TestNGCucumberRunner.java:69)
at com.cimbbank.runner.TestRunner.feature(TestRunner.java:42)
Caused by: java.lang.NullPointerException
at com.cimbbank.stepdefinitions.AffordablityCalDef.I_am_on_CIMB_page(AffordablityCalDef.java:34)
at ✽.Given I am on CIMB page for calculator(propertycal.feature:4)
... Removed 25 stack frames]]>
    </failure>
  </testcase> <!-- feature -->
</testsuite> <!-- CIMBBankTest -->
